<?xml version="1.0" encoding="UTF-8"?>
<!-- Generated by org.testng.reporters.JUnitXMLReporter -->
<testsuite ignored="1" hostname="Sciencefreek" failures="0" tests="2" name="Default test" time="0.123" errors="0" timestamp="2023-10-31T12:14:12 IST">
  <testcase classname="com.learning.testng.TestNGAnnotations1" name="testCase_2" time="0.015"/>
  <testcase classname="com.learning.testng.TestNGAnnotations1" name="testCase_1" time="0.004"/>
  <testcase classname="com.learning.testng.TestNGAnnotations1" name="testCase_3" time="0.0">
    <ignored/>
  </testcase> <!-- testCase_3 -->
</testsuite> <!-- Default test -->
