<?xml version="1.0" encoding="UTF-8"?>
<!-- Generated by org.testng.reporters.JUnitXMLReporter -->
<testsuite ignored="3" hostname="Sciencefreek" failures="0" tests="3" name="Sanity" time="0.07" errors="0" timestamp="2023-11-01T11:10:10 IST">
  <testcase classname="com.learning.testng.TestNGGroups1" name="testCase2" time="0.008"/>
  <testcase classname="com.learning.testng.TestNGGroups1" name="testCase3" time="0.003"/>
  <testcase classname="com.learning.testng.TestNGGroups3" name="testCase001" time="0.001"/>
  <testcase classname="com.learning.testng.TestNGGroups3" name="testCase003" time="0.0">
    <ignored/>
  </testcase> <!-- testCase003 -->
  <testcase classname="com.learning.testng.TestNGGroups3" name="testCase002" time="0.0">
    <ignored/>
  </testcase> <!-- testCase002 -->
  <testcase classname="com.learning.testng.TestNGGroups1" name="testCase1" time="0.0">
    <ignored/>
  </testcase> <!-- testCase1 -->
</testsuite> <!-- Sanity -->
