<?xml version="1.0" encoding="UTF-8"?>
<!-- Generated by org.testng.reporters.JUnitXMLReporter -->
<testsuite ignored="2" hostname="Sciencefreek" failures="0" tests="3" name="smoke" time="0.052" errors="0" timestamp="2023-11-01T10:37:23 IST">
  <testcase classname="com.learning.testng.TestNGGroups1" name="testCase1" time="0.006"/>
  <testcase classname="com.learning.testng.TestNGGroups1" name="testCase3" time="0.012"/>
  <testcase classname="com.learning.testng.TestNGGroups2" name="testCase4" time="0.004"/>
  <testcase classname="com.learning.testng.TestNGGroups1" name="testCase2" time="0.0">
    <ignored/>
  </testcase> <!-- testCase2 -->
  <testcase classname="com.learning.testng.TestNGGroups2" name="testCase5" time="0.0">
    <ignored/>
  </testcase> <!-- testCase5 -->
</testsuite> <!-- smoke -->
