<?xml version="1.0" encoding="UTF-8"?>
<!-- Generated by org.testng.reporters.JUnitXMLReporter -->
<testsuite ignored="2" hostname="Sciencefreek" failures="0" tests="1" name="Test1" time="0.138" errors="0" timestamp="2023-11-01T10:38:37 IST">
  <testcase classname="com.learning.testng.TestNGGroups1" name="testCase1" time="0.019"/>
  <testcase classname="com.learning.testng.TestNGGroups1" name="testCase3" time="0.0">
    <ignored/>
  </testcase> <!-- testCase3 -->
  <testcase classname="com.learning.testng.TestNGGroups1" name="testCase2" time="0.0">
    <ignored/>
  </testcase> <!-- testCase2 -->
</testsuite> <!-- Test1 -->
