<?xml version="1.0" encoding="UTF-8"?>
<!-- Generated by org.testng.reporters.JUnitXMLReporter -->
<testsuite ignored="0" hostname="Sciencefreek" failures="0" tests="4" name="Test2" time="60.772" errors="0" timestamp="2023-11-02T10:24:41 IST">
  <testcase classname="com.learning.testng.TestNgParallel1" name="launchFacebook" time="4.915"/>
  <testcase classname="com.learning.testng.TestNgParallel1" name="launchYahoo" time="3.559"/>
  <testcase classname="com.learning.testng.TestNgParallel2" name="launchGoogle" time="5.113"/>
  <testcase classname="com.learning.testng.TestNgParallel2" name="launchYahoo" time="31.076"/>
</testsuite> <!-- Test2 -->
