<?xml version="1.0" encoding="UTF-8"?>
<!-- Generated by org.testng.reporters.JUnitXMLReporter -->
<testsuite ignored="1" hostname="Sciencefreek" failures="0" tests="1" name="Test1(failed)" time="13.839" errors="0" timestamp="2023-11-02T09:57:33 IST">
  <testcase classname="com.learning.testng.TestNgParallel1" name="launchYahoo" time="6.184"/>
  <testcase classname="com.learning.testng.TestNgParallel1" name="launchFacebook" time="0.0">
    <ignored/>
  </testcase> <!-- launchFacebook -->
</testsuite> <!-- Test1(failed) -->
